[2011-02-01/02:21:27] mysqlqry | SELECT a.Id, a.UserId, a.Ip, a.StartTime, a.LastRequest, a.Hits, a.UserAgent, b.CreationTime, b.CreationIp, b.DeletionId, b.Username, b.Passhash, b.Email FROM session AS a LEFT JOIN user AS b ON a.UserId = b.Id WHERE a.Id = 4
[2011-02-01/02:21:27] mysqlqry | UPDATE session SET LastRequest = 1296523287, Hits = 125 WHERE Id = 4
[2011-02-01/02:21:34] mysqlqry | SELECT a.Id, a.UserId, a.Ip, a.StartTime, a.LastRequest, a.Hits, a.UserAgent, b.CreationTime, b.CreationIp, b.DeletionId, b.Username, b.Passhash, b.Email FROM session AS a LEFT JOIN user AS b ON a.UserId = b.Id WHERE a.Id = 4
[2011-02-01/02:21:34] mysqlqry | SELECT a.Id, a.Md5, a.Gender, a.SessionId, a.UploadTime, a.SiteHits, a.PositiveRating, a.NegativeRating, a.DeletionId, b.UserId AS SesUserId, b.Ip AS SesIp, b.StartTime AS SesStartTime, b.LastRequest AS SesLastRequest, b.Hits AS SesHits, b.UserAgent AS SesUserAgent FROM picture AS a INNER JOIN session AS b ON a.SessionId = b.Id WHERE a.DeletionId IS NULL AND a.Gender = 1 ORDER BY RAND() LIMIT 2
[2011-02-01/02:21:34] mysqlqry | UPDATE session SET LastRequest = 1296523294, Hits = 126 WHERE Id = 4
[2011-02-01/02:22:50] mysqlqry | SELECT a.Id, a.UserId, a.Ip, a.StartTime, a.LastRequest, a.Hits, a.UserAgent, b.CreationTime, b.CreationIp, b.DeletionId, b.Username, b.Passhash, b.Email FROM session AS a LEFT JOIN user AS b ON a.UserId = b.Id WHERE a.Id = 4
[2011-02-01/02:22:50] mysqlqry | UPDATE session SET LastRequest = 1296523370, Hits = 127 WHERE Id = 4
[2011-02-01/02:22:55] mysqlqry | SELECT a.Id, a.UserId, a.Ip, a.StartTime, a.LastRequest, a.Hits, a.UserAgent, b.CreationTime, b.CreationIp, b.DeletionId, b.Username, b.Passhash, b.Email FROM session AS a LEFT JOIN user AS b ON a.UserId = b.Id WHERE a.Id = 4
[2011-02-01/02:22:55] mysqlqry | SELECT a.Id, a.Md5, a.Gender, a.SessionId, a.UploadTime, a.SiteHits, a.PositiveRating, a.NegativeRating, a.DeletionId, b.UserId AS SesUserId, b.Ip AS SesIp, b.StartTime AS SesStartTime, b.LastRequest AS SesLastRequest, b.Hits AS SesHits, b.UserAgent AS SesUserAgent FROM picture AS a INNER JOIN session AS b ON a.SessionId = b.Id WHERE a.DeletionId IS NULL AND a.Gender = 0 ORDER BY RAND() LIMIT 2
[2011-02-01/02:22:55] mysqlqry | UPDATE session SET LastRequest = 1296523375, Hits = 128 WHERE Id = 4
[2011-02-01/02:24:21] mysqlqry | SELECT a.Id, a.UserId, a.Ip, a.StartTime, a.LastRequest, a.Hits, a.UserAgent, b.CreationTime, b.CreationIp, b.DeletionId, b.Username, b.Passhash, b.Email FROM session AS a LEFT JOIN user AS b ON a.UserId = b.Id WHERE a.Id = 4
[2011-02-01/02:24:21] mysqlqry | SELECT a.Id, a.Md5, a.Gender, a.SessionId, a.UploadTime, a.SiteHits, a.PositiveRating, a.NegativeRating, a.DeletionId, b.UserId AS SesUserId, b.Ip AS SesIp, b.StartTime AS SesStartTime, b.LastRequest AS SesLastRequest, b.Hits AS SesHits, b.UserAgent AS SesUserAgent FROM picture AS a INNER JOIN session AS b ON a.SessionId = b.Id WHERE a.DeletionId IS NULL AND a.Gender = 0 ORDER BY a.PositiveRating - a.NegativeRating LIMIT 10
[2011-02-01/02:24:21] mysqlqry | UPDATE session SET LastRequest = 1296523461, Hits = 129 WHERE Id = 4
[2011-02-01/02:24:21] mysqlqry | SELECT a.Id, a.UserId, a.Ip, a.StartTime, a.LastRequest, a.Hits, a.UserAgent, b.CreationTime, b.CreationIp, b.DeletionId, b.Username, b.Passhash, b.Email FROM session AS a LEFT JOIN user AS b ON a.UserId = b.Id WHERE a.Id = 4
[2011-02-01/02:24:21] mysqlqry | SELECT a.Id, a.Md5, a.Gender, a.SessionId, a.UploadTime, a.SiteHits, a.PositiveRating, a.NegativeRating, a.DeletionId, b.UserId AS SesUserId, b.Ip AS SesIp, b.StartTime AS SesStartTime, b.LastRequest AS SesLastRequest, b.Hits AS SesHits, b.UserAgent AS SesUserAgent FROM picture AS a INNER JOIN session AS b ON a.SessionId = b.Id WHERE a.DeletionId IS NULL AND a.Gender = 1 ORDER BY a.PositiveRating - a.NegativeRating LIMIT 10
[2011-02-01/02:24:21] mysqlqry | UPDATE session SET Hits = 130 WHERE Id = 4
[2011-02-01/02:24:22] mysqlqry | SELECT a.Id, a.UserId, a.Ip, a.StartTime, a.LastRequest, a.Hits, a.UserAgent, b.CreationTime, b.CreationIp, b.DeletionId, b.Username, b.Passhash, b.Email FROM session AS a LEFT JOIN user AS b ON a.UserId = b.Id WHERE a.Id = 4
[2011-02-01/02:24:22] mysqlqry | SELECT a.Id, a.Md5, a.Gender, a.SessionId, a.UploadTime, a.SiteHits, a.PositiveRating, a.NegativeRating, a.DeletionId, b.UserId AS SesUserId, b.Ip AS SesIp, b.StartTime AS SesStartTime, b.LastRequest AS SesLastRequest, b.Hits AS SesHits, b.UserAgent AS SesUserAgent FROM picture AS a INNER JOIN session AS b ON a.SessionId = b.Id WHERE a.DeletionId IS NULL AND a.Gender = 0 ORDER BY a.PositiveRating - a.NegativeRating LIMIT 10
[2011-02-01/02:24:22] mysqlqry | UPDATE session SET LastRequest = 1296523462, Hits = 131 WHERE Id = 4
[2011-02-01/02:24:24] mysqlqry | SELECT a.Id, a.UserId, a.Ip, a.StartTime, a.LastRequest, a.Hits, a.UserAgent, b.CreationTime, b.CreationIp, b.DeletionId, b.Username, b.Passhash, b.Email FROM session AS a LEFT JOIN user AS b ON a.UserId = b.Id WHERE a.Id = 4
[2011-02-01/02:24:24] mysqlqry | UPDATE session SET LastRequest = 1296523464, Hits = 132 WHERE Id = 4
[2011-02-01/02:24:25] mysqlqry | SELECT a.Id, a.UserId, a.Ip, a.StartTime, a.LastRequest, a.Hits, a.UserAgent, b.CreationTime, b.CreationIp, b.DeletionId, b.Username, b.Passhash, b.Email FROM session AS a LEFT JOIN user AS b ON a.UserId = b.Id WHERE a.Id = 4
[2011-02-01/02:24:25] mysqlqry | UPDATE session SET LastRequest = 1296523465, Hits = 133 WHERE Id = 4
[2011-02-01/02:24:26] mysqlqry | SELECT a.Id, a.UserId, a.Ip, a.StartTime, a.LastRequest, a.Hits, a.UserAgent, b.CreationTime, b.CreationIp, b.DeletionId, b.Username, b.Passhash, b.Email FROM session AS a LEFT JOIN user AS b ON a.UserId = b.Id WHERE a.Id = 4
[2011-02-01/02:24:26] mysqlqry | UPDATE session SET LastRequest = 1296523466, Hits = 134 WHERE Id = 4
[2011-02-01/02:24:27] mysqlqry | SELECT a.Id, a.UserId, a.Ip, a.StartTime, a.LastRequest, a.Hits, a.UserAgent, b.CreationTime, b.CreationIp, b.DeletionId, b.Username, b.Passhash, b.Email FROM session AS a LEFT JOIN user AS b ON a.UserId = b.Id WHERE a.Id = 4
[2011-02-01/02:24:27] mysqlqry | SELECT a.Id, a.Md5, a.Gender, a.SessionId, a.UploadTime, a.SiteHits, a.PositiveRating, a.NegativeRating, a.DeletionId, b.UserId AS SesUserId, b.Ip AS SesIp, b.StartTime AS SesStartTime, b.LastRequest AS SesLastRequest, b.Hits AS SesHits, b.UserAgent AS SesUserAgent FROM picture AS a INNER JOIN session AS b ON a.SessionId = b.Id WHERE a.DeletionId IS NULL AND a.Gender = 0 ORDER BY a.PositiveRating - a.NegativeRating LIMIT 10
[2011-02-01/02:24:27] mysqlqry | UPDATE session SET LastRequest = 1296523467, Hits = 135 WHERE Id = 4
[2011-02-01/02:30:49] mysqlqry | SELECT a.Id, a.UserId, a.Ip, a.StartTime, a.LastRequest, a.Hits, a.UserAgent, b.CreationTime, b.CreationIp, b.DeletionId, b.Username, b.Passhash, b.Email FROM session AS a LEFT JOIN user AS b ON a.UserId = b.Id WHERE a.Id = 4
[2011-02-01/02:30:49] mysqlqry | UPDATE session SET LastRequest = 1296523849, Hits = 136 WHERE Id = 4
[2011-02-01/02:30:50] mysqlqry | SELECT a.Id, a.UserId, a.Ip, a.StartTime, a.LastRequest, a.Hits, a.UserAgent, b.CreationTime, b.CreationIp, b.DeletionId, b.Username, b.Passhash, b.Email FROM session AS a LEFT JOIN user AS b ON a.UserId = b.Id WHERE a.Id = 4
[2011-02-01/02:30:50] mysqlqry | UPDATE session SET LastRequest = 1296523850, Hits = 137 WHERE Id = 4
